#
# There is insufficient memory for the Java Runtime Environment to continue.
# Native memory allocation (malloc) failed to allocate 131376 bytes for Chunk::new
# Possible reasons:
#   The system is out of physical RAM or swap space
#   The process is running with CompressedOops enabled, and the Java Heap may be blocking the growth of the native heap
# Possible solutions:
#   Reduce memory load on the system
#   Increase physical memory or swap space
#   Check if swap backing store is full
#   Decrease Java heap size (-Xmx/-Xms)
#   Decrease number of Java threads
#   Decrease Java thread stack sizes (-Xss)
#   Set larger code cache with -XX:ReservedCodeCacheSize=
#   JVM is running with Unscaled Compressed Oops mode in which the Java heap is
#     placed in the first 4GB address space. The Java Heap base address is the
#     maximum limit for the native heap growth. Please use -XX:HeapBaseMinAddress
#     to set the Java Heap base and to place the Java Heap above 4GB virtual address.
# This output file may be truncated or incomplete.
#
#  Out of Memory Error (allocation.cpp:389), pid=3755092, tid=0x0000000000394d28
#
# JRE version: OpenJDK Runtime Environment (8.0_202-b03) (build 1.8.0_202-release-1483-b03)
# Java VM: OpenJDK 64-Bit Server VM (25.202-b03 mixed mode windows-amd64 compressed oops)
# Failed to write core dump. Minidumps are not enabled by default on client versions of Windows
#

---------------  T H R E A D  ---------------

Current thread (0x0000000018c1f800):  JavaThread "C2 CompilerThread1" daemon [_thread_in_native, id=3755304, stack(0x00000000195f0000,0x00000000196f0000)]

Stack: [0x00000000195f0000,0x00000000196f0000]
[error occurred during error reporting (printing stack bounds), id 0xc0000005]

Native frames: (J=compiled Java code, j=interpreted, Vv=VM code, C=native code)


Current CompileTask:
C2:  60503 14784       4       com.android.tools.r8.dex.FileWriter$MixedSectionOffsets::setOffsetFor (41 bytes)


---------------  P R O C E S S  ---------------

Java Threads: ( => current thread )
  0x0000000020c89000 JavaThread "ForkJoinPool-2-worker-0" daemon [_thread_blocked, id=3729716, stack(0x0000000029be0000,0x0000000029ce0000)]
  0x0000000020c8b000 JavaThread "ForkJoinPool-2-worker-7" daemon [_thread_blocked, id=3729720, stack(0x0000000029ae0000,0x0000000029be0000)]
  0x0000000020c8a800 JavaThread "ForkJoinPool-2-worker-6" daemon [_thread_blocked, id=3756860, stack(0x00000000299e0000,0x0000000029ae0000)]
  0x0000000020c81800 JavaThread "ForkJoinPool-2-worker-5" daemon [_thread_blocked, id=3756852, stack(0x00000000298e0000,0x00000000299e0000)]
  0x0000000020c88000 JavaThread "ForkJoinPool-2-worker-4" daemon [_thread_blocked, id=3756856, stack(0x00000000297e0000,0x00000000298e0000)]
  0x0000000020c87800 JavaThread "ForkJoinPool-2-worker-3" daemon [_thread_blocked, id=3756896, stack(0x00000000296e0000,0x00000000297e0000)]
  0x0000000020c86800 JavaThread "ForkJoinPool-2-worker-2" daemon [_thread_in_Java, id=3756884, stack(0x00000000295e0000,0x00000000296e0000)]
  0x0000000020c7f000 JavaThread "ForkJoinPool-2-worker-1" daemon [_thread_blocked, id=3754672, stack(0x0000000029040000,0x0000000029140000)]
  0x0000000020c7e800 JavaThread "ForkJoinPool-1-worker-0" daemon [_thread_blocked, id=3751464, stack(0x00000000288a0000,0x00000000289a0000)]
  0x0000000020c85000 JavaThread "ForkJoinPool-1-worker-6" daemon [_thread_blocked, id=3756420, stack(0x00000000286a0000,0x00000000287a0000)]
  0x0000000020c84800 JavaThread "ForkJoinPool-1-worker-4" daemon [_thread_blocked, id=3756424, stack(0x00000000284a0000,0x00000000285a0000)]
  0x0000000020c83800 JavaThread "ForkJoinPool-1-worker-3" daemon [_thread_blocked, id=3756428, stack(0x00000000283a0000,0x00000000284a0000)]
  0x0000000020c82000 JavaThread "ForkJoinPool-1-worker-2" daemon [_thread_blocked, id=3756388, stack(0x00000000282a0000,0x00000000283a0000)]
  0x0000000020c80800 JavaThread "ForkJoinPool-1-worker-1" daemon [_thread_blocked, id=3756392, stack(0x00000000281a0000,0x00000000282a0000)]
  0x000000001f841800 JavaThread "ForkJoinPool.commonPool-worker-5" daemon [_thread_blocked, id=3756180, stack(0x0000000027aa0000,0x0000000027ba0000)]
  0x000000001f83c000 JavaThread "ForkJoinPool.commonPool-worker-4" daemon [_thread_blocked, id=3756172, stack(0x00000000279a0000,0x0000000027aa0000)]
  0x000000001f843000 JavaThread "ForkJoinPool.commonPool-worker-1" daemon [_thread_blocked, id=3756148, stack(0x00000000276a0000,0x00000000277a0000)]
  0x000000001f840000 JavaThread "Cache worker for Java compile cache (D:\PROJECT\PROJECT\Titan\.gradle\4.6\javaCompile)" [_thread_blocked, id=3756608, stack(0x0000000026a60000,0x0000000026b60000)]
  0x000000001f83f000 JavaThread "stdout" [_thread_in_native, id=3756272, stack(0x0000000026760000,0x0000000026860000)]
  0x000000001e817000 JavaThread "stderr" [_thread_in_native, id=3756268, stack(0x0000000026660000,0x0000000026760000)]
  0x000000001e815800 JavaThread "pool-3-thread-1" [_thread_blocked, id=3756248, stack(0x00000000262f0000,0x00000000263f0000)]
  0x000000001e818000 JavaThread "Task worker for ':' Thread 7" [_thread_blocked, id=3756036, stack(0x0000000025e30000,0x0000000025f30000)]
  0x000000001e815000 JavaThread "Task worker for ':' Thread 6" [_thread_blocked, id=3754240, stack(0x0000000025d30000,0x0000000025e30000)]
  0x000000001e818800 JavaThread "Task worker for ':' Thread 5" [_thread_blocked, id=3755928, stack(0x0000000025c30000,0x0000000025d30000)]
  0x000000001e80d800 JavaThread "Task worker for ':' Thread 4" [_thread_blocked, id=3741380, stack(0x0000000025b30000,0x0000000025c30000)]
  0x000000001e814000 JavaThread "Task worker for ':' Thread 3" [_thread_blocked, id=3755952, stack(0x0000000025a30000,0x0000000025b30000)]
  0x000000001e80c800 JavaThread "Task worker for ':' Thread 2" [_thread_blocked, id=3756016, stack(0x0000000025930000,0x0000000025a30000)]
  0x000000001e813800 JavaThread "Task worker for ':'" [_thread_blocked, id=3754676, stack(0x0000000025830000,0x0000000025930000)]
  0x000000001e812800 JavaThread "Cache worker for Build Output Cleanup Cache (D:\PROJECT\PROJECT\Titan\.gradle\buildOutputCleanup)" [_thread_blocked, id=3755612, stack(0x0000000025730000,0x0000000025830000)]
  0x000000001e811000 JavaThread "Cache worker for task history cache (D:\PROJECT\PROJECT\Titan\.gradle\4.6\taskHistory)" [_thread_blocked, id=3754736, stack(0x0000000025630000,0x0000000025730000)]
  0x000000001e812000 JavaThread "Cache worker for file content cache (D:\PROJECT\PROJECT\Titan\.gradle\4.6\fileContent)" [_thread_blocked, id=3755384, stack(0x0000000023e60000,0x0000000023f60000)]
  0x000000001e80f800 JavaThread "Memory manager" [_thread_blocked, id=3755964, stack(0x0000000023560000,0x0000000023660000)]
  0x000000001e809800 JavaThread "Build operations Thread 8" [_thread_blocked, id=3755944, stack(0x0000000022e60000,0x0000000022f60000)]
  0x000000001e80f000 JavaThread "Build operations Thread 7" [_thread_blocked, id=3755948, stack(0x0000000022d60000,0x0000000022e60000)]
  0x000000001e80b000 JavaThread "Build operations Thread 6" [_thread_blocked, id=3755876, stack(0x0000000022c60000,0x0000000022d60000)]
  0x000000001e80e000 JavaThread "Build operations Thread 5" [_thread_blocked, id=3755900, stack(0x0000000022b60000,0x0000000022c60000)]
  0x000000001e810800 JavaThread "Build operations Thread 4" [_thread_blocked, id=3755912, stack(0x0000000022a60000,0x0000000022b60000)]
  0x000000001c9fa800 JavaThread "Build operations Thread 3" [_thread_blocked, id=3755904, stack(0x0000000022960000,0x0000000022a60000)]
  0x000000001c9f9000 JavaThread "Build operations Thread 2" [_thread_blocked, id=3755908, stack(0x000000001ffd0000,0x00000000200d0000)]
  0x000000001c9fc000 JavaThread "Build operations" [_thread_blocked, id=3755868, stack(0x000000001fc00000,0x000000001fd00000)]
  0x000000001c9fa000 JavaThread "Cache worker for Artifact transforms cache (C:\Users\bw-02\.gradle\caches\transforms-1)" [_thread_blocked, id=3755160, stack(0x000000001e8e0000,0x000000001e9e0000)]
  0x000000001caa4800 JavaThread "Cache worker for file hash cache (D:\PROJECT\PROJECT\Titan\.gradle\4.6\fileHashes)" [_thread_blocked, id=3755864, stack(0x000000001d810000,0x000000001d910000)]
  0x000000001b222000 JavaThread "File lock request listener" [_thread_in_native, id=3755860, stack(0x000000001d710000,0x000000001d810000)]
  0x000000001c648800 JavaThread "Cache worker for file hash cache (C:\Users\bw-02\.gradle\caches\4.6\fileHashes)" [_thread_blocked, id=3755856, stack(0x000000001d610000,0x000000001d710000)]
  0x0000000019b36800 JavaThread "Stdin handler" [_thread_blocked, id=3755592, stack(0x000000001c240000,0x000000001c340000)]
  0x0000000018fcb800 JavaThread "Asynchronous log dispatcher for DefaultDaemonConnection: socket connection from /127.0.0.1:12140 to /127.0.0.1:12141" [_thread_blocked, id=3755588, stack(0x000000001c140000,0x000000001c240000)]
  0x0000000018eb3000 JavaThread "Daemon worker" [_thread_blocked, id=3755576, stack(0x000000001c040000,0x000000001c140000)]
  0x0000000018eb1800 JavaThread "Cancel handler" [_thread_blocked, id=3755572, stack(0x000000001bf40000,0x000000001c040000)]
  0x0000000018f65000 JavaThread "Handler for socket connection from /127.0.0.1:12140 to /127.0.0.1:12141" [_thread_in_native, id=3755560, stack(0x000000001bc40000,0x000000001bd40000)]
  0x0000000018f5e800 JavaThread "Daemon" [_thread_blocked, id=3755556, stack(0x000000001bb40000,0x000000001bc40000)]
  0x000000001ad5a000 JavaThread "Daemon periodic checks" [_thread_blocked, id=3755552, stack(0x000000001ba40000,0x000000001bb40000)]
  0x000000001ad2e000 JavaThread "Incoming local TCP Connector on port 12140" [_thread_in_native, id=3755544, stack(0x000000001b800000,0x000000001b900000)]
  0x0000000018cae800 JavaThread "Service Thread" daemon [_thread_blocked, id=3755316, stack(0x00000000198f0000,0x00000000199f0000)]
  0x0000000016e0e000 JavaThread "C1 CompilerThread3" daemon [_thread_blocked, id=3755312, stack(0x00000000197f0000,0x00000000198f0000)]
  0x0000000018c2d800 JavaThread "C2 CompilerThread2" daemon [_thread_in_native, id=3755308, stack(0x00000000196f0000,0x00000000197f0000)]
=>0x0000000018c1f800 JavaThread "C2 CompilerThread1" daemon [_thread_in_native, id=3755304, stack(0x00000000195f0000,0x00000000196f0000)]
  0x0000000018c1c800 JavaThread "C2 CompilerThread0" daemon [_thread_in_native, id=3755300, stack(0x00000000194f0000,0x00000000195f0000)]
  0x0000000018c1b000 JavaThread "Attach Listener" daemon [_thread_blocked, id=3755296, stack(0x00000000193f0000,0x00000000194f0000)]
  0x0000000018c1a000 JavaThread "Signal Dispatcher" daemon [_thread_blocked, id=3755292, stack(0x00000000192f0000,0x00000000193f0000)]
  0x0000000018c10800 JavaThread "Finalizer" daemon [_thread_blocked, id=3755288, stack(0x00000000190f0000,0x00000000191f0000)]
  0x0000000003038000 JavaThread "Reference Handler" daemon [_thread_blocked, id=3755284, stack(0x0000000018ff0000,0x00000000190f0000)]
  0x0000000002e0e000 JavaThread "main" [_thread_blocked, id=3755244, stack(0x0000000002e10000,0x0000000002f10000)]

Other Threads:
  0x0000000016df6800 VMThread [stack: 0x0000000018af0000,0x0000000018bf0000] [id=3755280]
  0x0000000018cb7000 WatcherThread [stack: 0x00000000199f0000,0x0000000019af0000] [id=3755320]

VM state:not at safepoint (normal execution)

VM Mutex/Monitor currently owned by a thread: None

heap address: 0x00000000a0000000, size: 1536 MB, Compressed Oops mode: 32-bit
Narrow klass base: 0x0000000000000000, Narrow klass shift: 3
Compressed class space size: 1073741824 Address: 0x0000000100000000

Heap:
 PSYoungGen      total 254464K, used 61587K [0x00000000e0000000, 0x00000000f3e80000, 0x0000000100000000)
  eden space 201728K, 4% used [0x00000000e0000000,0x00000000e08a9650,0x00000000ec500000)
  from space 52736K, 99% used [0x00000000ec500000,0x00000000ef87b828,0x00000000ef880000)
  to   space 37888K, 0% used [0x00000000ef880000,0x00000000ef880000,0x00000000f1d80000)
 ParOldGen       total 258048K, used 105116K [0x00000000a0000000, 0x00000000afc00000, 0x00000000e0000000)
  object space 258048K, 40% used [0x00000000a0000000,0x00000000a66a72f8,0x00000000afc00000)
 Metaspace       used 74900K, capacity 77408K, committed 78976K, reserved 1118208K
  class space    used 9717K, capacity 10269K, committed 10624K, reserved 1048576K

Card table byte_map: [0x0000000012400000,0x0000000012710000] byte_map_base: 0x0000000011f00000

Marking Bits: (ParMarkBitMap*) 0x000000006aa49f30
 Begin Bits: [0x0000000013110000, 0x0000000014910000)
 End Bits:   [0x0000000014910000, 0x0000000016110000)

Polling page: 0x00000000015d0000

CodeCache: size=245760Kb used=41716Kb max_used=41725Kb free=204043Kb
 bounds [0x0000000003040000, 0x0000000005930000, 0x0000000012040000]
 total_blobs=13224 nmethods=12386 adapters=749
 compilation: enabled

Compilation events (10 events):
Event: 60.476 Thread 0x0000000018c1c800 nmethod 14778 0x000000000592ed10 code [0x000000000592ee60, 0x000000000592f028]
Event: 60.478 Thread 0x0000000018c2d800 14779       4       com.android.tools.r8.code.Nop::write (7 bytes)
Event: 60.479 Thread 0x0000000018c1f800 14780       4       com.android.tools.r8.code.Throw::write (7 bytes)
Event: 60.479 Thread 0x0000000018c2d800 nmethod 14779 0x000000000592f290 code [0x000000000592f3e0, 0x000000000592f558]
Event: 60.480 Thread 0x0000000018c1f800 nmethod 14780 0x000000000592f910 code [0x000000000592fa60, 0x000000000592fc18]
Event: 60.484 Thread 0x0000000016e0e000 14781       3       com.android.tools.r8.code.MoveWideFrom16::write (7 bytes)
Event: 60.484 Thread 0x0000000016e0e000 nmethod 14781 0x000000000592e390 code [0x000000000592e520, 0x000000000592ea98]
Event: 60.485 Thread 0x0000000018c1c800 14782       4       com.android.tools.r8.dex.FileWriter$$Lambda$591/662992766::accept (12 bytes)
Event: 60.485 Thread 0x0000000018c2d800 14783       4       com.android.tools.r8.dex.FileWriter::writeTypeList (97 bytes)
Event: 60.487 Thread 0x0000000018c1f800 14784       4       com.android.tools.r8.dex.FileWriter$MixedSectionOffsets::setOffsetFor (41 bytes)

GC Heap History (10 events):
Event: 40.970 GC heap before
{Heap before GC invocations=21 (full 3):
 PSYoungGen      total 176128K, used 176100K [0x00000000e0000000, 0x00000000ef300000, 0x0000000100000000)
  eden space 156672K, 100% used [0x00000000e0000000,0x00000000e9900000,0x00000000e9900000)
  from space 19456K, 99% used [0x00000000e9900000,0x00000000eabf9288,0x00000000eac00000)
  to   space 34816K, 0% used [0x00000000ed100000,0x00000000ed100000,0x00000000ef300000)
 ParOldGen       total 135680K, used 79968K [0x00000000a0000000, 0x00000000a8480000, 0x00000000e0000000)
  object space 135680K, 58% used [0x00000000a0000000,0x00000000a4e18388,0x00000000a8480000)
 Metaspace       used 73569K, capacity 75958K, committed 76288K, reserved 1116160K
  class space    used 9650K, capacity 10212K, committed 10240K, reserved 1048576K
Event: 41.124 GC heap after
Heap after GC invocations=21 (full 3):
 PSYoungGen      total 213504K, used 20421K [0x00000000e0000000, 0x00000000ef800000, 0x0000000100000000)
  eden space 178688K, 0% used [0x00000000e0000000,0x00000000e0000000,0x00000000eae80000)
  from space 34816K, 58% used [0x00000000ed100000,0x00000000ee4f17d0,0x00000000ef300000)
  to   space 35328K, 0% used [0x00000000eae80000,0x00000000eae80000,0x00000000ed100000)
 ParOldGen       total 135680K, used 98972K [0x00000000a0000000, 0x00000000a8480000, 0x00000000e0000000)
  object space 135680K, 72% used [0x00000000a0000000,0x00000000a60a70f0,0x00000000a8480000)
 Metaspace       used 73569K, capacity 75958K, committed 76288K, reserved 1116160K
  class space    used 9650K, capacity 10212K, committed 10240K, reserved 1048576K
}
Event: 44.477 GC heap before
{Heap before GC invocations=22 (full 3):
 PSYoungGen      total 213504K, used 199109K [0x00000000e0000000, 0x00000000ef800000, 0x0000000100000000)
  eden space 178688K, 100% used [0x00000000e0000000,0x00000000eae80000,0x00000000eae80000)
  from space 34816K, 58% used [0x00000000ed100000,0x00000000ee4f17d0,0x00000000ef300000)
  to   space 35328K, 0% used [0x00000000eae80000,0x00000000eae80000,0x00000000ed100000)
 ParOldGen       total 135680K, used 98972K [0x00000000a0000000, 0x00000000a8480000, 0x00000000e0000000)
  object space 135680K, 72% used [0x00000000a0000000,0x00000000a60a70f0,0x00000000a8480000)
 Metaspace       used 74976K, capacity 77864K, committed 78080K, reserved 1116160K
  class space    used 9800K, capacity 10425K, committed 10496K, reserved 1048576K
Event: 44.622 GC heap after
Heap after GC invocations=22 (full 3):
 PSYoungGen      total 214016K, used 25819K [0x00000000e0000000, 0x00000000f1d80000, 0x0000000100000000)
  eden space 178688K, 0% used [0x00000000e0000000,0x00000000e0000000,0x00000000eae80000)
  from space 35328K, 73% used [0x00000000eae80000,0x00000000ec7b6e10,0x00000000ed100000)
  to   space 37888K, 0% used [0x00000000ef880000,0x00000000ef880000,0x00000000f1d80000)
 ParOldGen       total 135680K, used 98980K [0x00000000a0000000, 0x00000000a8480000, 0x00000000e0000000)
  object space 135680K, 72% used [0x00000000a0000000,0x00000000a60a90f0,0x00000000a8480000)
 Metaspace       used 74976K, capacity 77864K, committed 78080K, reserved 1116160K
  class space    used 9800K, capacity 10425K, committed 10496K, reserved 1048576K
}
Event: 47.845 GC heap before
{Heap before GC invocations=23 (full 3):
 PSYoungGen      total 214016K, used 204507K [0x00000000e0000000, 0x00000000f1d80000, 0x0000000100000000)
  eden space 178688K, 100% used [0x00000000e0000000,0x00000000eae80000,0x00000000eae80000)
  from space 35328K, 73% used [0x00000000eae80000,0x00000000ec7b6e10,0x00000000ed100000)
  to   space 37888K, 0% used [0x00000000ef880000,0x00000000ef880000,0x00000000f1d80000)
 ParOldGen       total 135680K, used 98980K [0x00000000a0000000, 0x00000000a8480000, 0x00000000e0000000)
  object space 135680K, 72% used [0x00000000a0000000,0x00000000a60a90f0,0x00000000a8480000)
 Metaspace       used 75739K, capacity 78654K, committed 78976K, reserved 1118208K
  class space    used 9878K, capacity 10512K, committed 10624K, reserved 1048576K
Event: 47.985 GC heap after
Heap after GC invocations=23 (full 3):
 PSYoungGen      total 239616K, used 37872K [0x00000000e0000000, 0x00000000f3e80000, 0x0000000100000000)
  eden space 201728K, 0% used [0x00000000e0000000,0x00000000e0000000,0x00000000ec500000)
  from space 37888K, 99% used [0x00000000ef880000,0x00000000f1d7c148,0x00000000f1d80000)
  to   space 52736K, 0% used [0x00000000ec500000,0x00000000ec500000,0x00000000ef880000)
 ParOldGen       total 135680K, used 123014K [0x00000000a0000000, 0x00000000a8480000, 0x00000000e0000000)
  object space 135680K, 90% used [0x00000000a0000000,0x00000000a78219f0,0x00000000a8480000)
 Metaspace       used 75739K, capacity 78654K, committed 78976K, reserved 1118208K
  class space    used 9878K, capacity 10512K, committed 10624K, reserved 1048576K
}
Event: 47.986 GC heap before
{Heap before GC invocations=24 (full 4):
 PSYoungGen      total 239616K, used 37872K [0x00000000e0000000, 0x00000000f3e80000, 0x0000000100000000)
  eden space 201728K, 0% used [0x00000000e0000000,0x00000000e0000000,0x00000000ec500000)
  from space 37888K, 99% used [0x00000000ef880000,0x00000000f1d7c148,0x00000000f1d80000)
  to   space 52736K, 0% used [0x00000000ec500000,0x00000000ec500000,0x00000000ef880000)
 ParOldGen       total 135680K, used 123014K [0x00000000a0000000, 0x00000000a8480000, 0x00000000e0000000)
  object space 135680K, 90% used [0x00000000a0000000,0x00000000a78219f0,0x00000000a8480000)
 Metaspace       used 75739K, capacity 78654K, committed 78976K, reserved 1118208K
  class space    used 9878K, capacity 10512K, committed 10624K, reserved 1048576K
Event: 52.426 GC heap after
Heap after GC invocations=24 (full 4):
 PSYoungGen      total 239616K, used 0K [0x00000000e0000000, 0x00000000f3e80000, 0x0000000100000000)
  eden space 201728K, 0% used [0x00000000e0000000,0x00000000e0000000,0x00000000ec500000)
  from space 37888K, 0% used [0x00000000ef880000,0x00000000ef880000,0x00000000f1d80000)
  to   space 52736K, 0% used [0x00000000ec500000,0x00000000ec500000,0x00000000ef880000)
 ParOldGen       total 258048K, used 101112K [0x00000000a0000000, 0x00000000afc00000, 0x00000000e0000000)
  object space 258048K, 39% used [0x00000000a0000000,0x00000000a62be168,0x00000000afc00000)
 Metaspace       used 74801K, capacity 77226K, committed 78976K, reserved 1118208K
  class space    used 9706K, capacity 10258K, committed 10624K, reserved 1048576K
}
Event: 60.060 GC heap before
{Heap before GC invocations=25 (full 4):
 PSYoungGen      total 239616K, used 201728K [0x00000000e0000000, 0x00000000f3e80000, 0x0000000100000000)
  eden space 201728K, 100% used [0x00000000e0000000,0x00000000ec500000,0x00000000ec500000)
  from space 37888K, 0% used [0x00000000ef880000,0x00000000ef880000,0x00000000f1d80000)
  to   space 52736K, 0% used [0x00000000ec500000,0x00000000ec500000,0x00000000ef880000)
 ParOldGen       total 258048K, used 101112K [0x00000000a0000000, 0x00000000afc00000, 0x00000000e0000000)
  object space 258048K, 39% used [0x00000000a0000000,0x00000000a62be168,0x00000000afc00000)
 Metaspace       used 74894K, capacity 77408K, committed 78976K, reserved 1118208K
  class space    used 9717K, capacity 10269K, committed 10624K, reserved 1048576K
Event: 60.398 GC heap after
Heap after GC invocations=25 (full 4):
 PSYoungGen      total 254464K, used 52718K [0x00000000e0000000, 0x00000000f3e80000, 0x0000000100000000)
  eden space 201728K, 0% used [0x00000000e0000000,0x00000000e0000000,0x00000000ec500000)
  from space 52736K, 99% used [0x00000000ec500000,0x00000000ef87b828,0x00000000ef880000)
  to   space 37888K, 0% used [0x00000000ef880000,0x00000000ef880000,0x00000000f1d80000)
 ParOldGen       total 258048K, used 105116K [0x00000000a0000000, 0x00000000afc00000, 0x00000000e0000000)
  object space 258048K, 40% used [0x00000000a0000000,0x00000000a66a72f8,0x00000000afc00000)
 Metaspace       used 74894K, capacity 77408K, committed 78976K, reserved 1118208K
  class space    used 9717K, capacity 10269K, committed 10624K, reserved 1048576K
}

Deoptimization events (10 events):
Event: 59.738 Thread 0x0000000020c86800 Uncommon trap: reason=array_check action=maybe_recompile pc=0x000000000512928c method=java.util.TimSort.mergeLo(IIII)V @ 375
Event: 59.743 Thread 0x0000000020c86800 Uncommon trap: reason=array_check action=maybe_recompile pc=0x0000000004718270 method=java.util.TimSort.mergeHi(IIII)V @ 250
Event: 59.760 Thread 0x0000000020c86800 Uncommon trap: reason=array_check action=maybe_recompile pc=0x000000000570137c method=java.util.TimSort.mergeLo(IIII)V @ 375
Event: 59.765 Thread 0x0000000020c86800 Uncommon trap: reason=array_check action=maybe_recompile pc=0x00000000058e6a30 method=java.util.TimSort.mergeLo(IIII)V @ 133
Event: 59.765 Thread 0x0000000020c86800 Uncommon trap: reason=array_check action=maybe_recompile pc=0x00000000058e6950 method=java.util.TimSort.mergeLo(IIII)V @ 468
Event: 59.765 Thread 0x0000000020c86800 Uncommon trap: reason=array_check action=maybe_recompile pc=0x00000000058e6840 method=java.util.TimSort.mergeLo(IIII)V @ 590
Event: 59.765 Thread 0x0000000020c86800 Uncommon trap: reason=array_check action=maybe_recompile pc=0x00000000058e6a30 method=java.util.TimSort.mergeLo(IIII)V @ 133
Event: 59.766 Thread 0x0000000020c86800 Uncommon trap: reason=predicate action=maybe_recompile pc=0x000000000590a3c4 method=java.util.TimSort.mergeHi(IIII)V @ 191
Event: 60.399 Thread 0x0000000003038000 Uncommon trap: reason=unstable_if action=reinterpret pc=0x0000000003e966f8 method=java.lang.ref.Reference.tryHandlePending(Z)Z @ 20
Event: 60.484 Thread 0x0000000020c86800 Uncommon trap: reason=unstable_if action=reinterpret pc=0x0000000005929b88 method=java.util.Arrays$ArrayList.forEach(Ljava/util/function/Consumer;)V @ 19

Classes redefined (0 events):
No events

Internal exceptions (10 events):
Event: 42.471 Thread 0x000000001f840800 Exception <a 'sun/nio/fs/WindowsException'> (0x00000000e796dc10) thrown at [D:\src\AOSP-openjdk-cygwin\jdk8u\hotspot\src\share\vm\prims\jni.cpp, line 710]
Event: 42.473 Thread 0x000000001f840800 Exception <a 'sun/nio/fs/WindowsException'> (0x00000000e79734c0) thrown at [D:\src\AOSP-openjdk-cygwin\jdk8u\hotspot\src\share\vm\prims\jni.cpp, line 710]
Event: 42.497 Thread 0x000000001f840800 Exception <a 'sun/nio/fs/WindowsException'> (0x00000000e7978868) thrown at [D:\src\AOSP-openjdk-cygwin\jdk8u\hotspot\src\share\vm\prims\jni.cpp, line 710]
Event: 44.091 Thread 0x0000000018eb3000 Exception <a 'sun/nio/fs/WindowsException'> (0x00000000e84087a0) thrown at [D:\src\AOSP-openjdk-cygwin\jdk8u\hotspot\src\share\vm\prims\jni.cpp, line 710]
Event: 44.411 Thread 0x0000000018eb3000 Exception <a 'sun/nio/fs/WindowsException'> (0x00000000e9c79a68) thrown at [D:\src\AOSP-openjdk-cygwin\jdk8u\hotspot\src\share\vm\prims\jni.cpp, line 710]
Event: 45.262 Thread 0x0000000020c80000 Implicit null exception at 0x0000000003b8fbaf to 0x0000000003b8fc9d
Event: 46.872 Thread 0x0000000020c81800 Implicit null exception at 0x0000000003282e0f to 0x0000000003282f71
Event: 52.658 Thread 0x0000000020c81800 Exception <a 'sun/nio/fs/WindowsException'> (0x00000000e084d630) thrown at [D:\src\AOSP-openjdk-cygwin\jdk8u\hotspot\src\share\vm\prims\jni.cpp, line 710]
Event: 53.559 Thread 0x0000000018eb3000 Exception <a 'sun/nio/fs/WindowsException'> (0x00000000e0db5338) thrown at [D:\src\AOSP-openjdk-cygwin\jdk8u\hotspot\src\share\vm\prims\jni.cpp, line 710]
Event: 54.996 Thread 0x0000000020c7f000 Exception <a 'sun/nio/fs/WindowsException'> (0x00000000e1289230) thrown at [D:\src\AOSP-openjdk-cygwin\jdk8u\hotspot\src\share\vm\prims\jni.cpp, line 710]

Events (10 events):
Event: 60.399 Thread 0x0000000003038000 DEOPT PACKING pc=0x0000000003e966f8 sp=0x00000000190ef570
Event: 60.399 Thread 0x0000000003038000 DEOPT UNPACKING pc=0x000000000308557b sp=0x00000000190ef528 mode 2
Event: 60.448 Executing VM operation: RevokeBias
Event: 60.450 Executing VM operation: RevokeBias done
Event: 60.450 Thread 0x000000001f83d800 Thread exited: 0x000000001f83d800
Event: 60.475 Thread 0x0000000020c86800 DEOPT PACKING pc=0x000000000573dbc8 sp=0x00000000296deeb0
Event: 60.475 Thread 0x0000000020c86800 DEOPT UNPACKING pc=0x00000000030875d0 sp=0x00000000296debe0 mode 0
Event: 60.484 Thread 0x0000000020c86800 Uncommon trap: trap_request=0xffffff65 fr.pc=0x0000000005929b88
Event: 60.484 Thread 0x0000000020c86800 DEOPT PACKING pc=0x0000000005929b88 sp=0x00000000296deec0
Event: 60.484 Thread 0x0000000020c86800 DEOPT UNPACKING pc=0x000000000308557b sp=0x00000000296dee60 mode 2


Dynamic libraries:
0x00007ff617420000 - 0x00007ff617451000 	C:\Program Files\Android\Android Studio\jre\bin\java.exe
0x00007ff88f070000 - 0x00007ff88f25d000 	C:\Windows\SYSTEM32\ntdll.dll
0x00007ff88c590000 - 0x00007ff88c643000 	C:\Windows\System32\KERNEL32.DLL
0x00007ff88b9f0000 - 0x00007ff88bc83000 	C:\Windows\System32\KERNELBASE.dll
0x00007ff88e190000 - 0x00007ff88e233000 	C:\Windows\System32\ADVAPI32.dll
0x00007ff88c8a0000 - 0x00007ff88c93e000 	C:\Windows\System32\msvcrt.dll
0x00007ff88c290000 - 0x00007ff88c32e000 	C:\Windows\System32\sechost.dll
0x00007ff88c6d0000 - 0x00007ff88c7f2000 	C:\Windows\System32\RPCRT4.dll
0x00007ff88e960000 - 0x00007ff88eaf7000 	C:\Windows\System32\USER32.dll
0x00007ff88b1d0000 - 0x00007ff88b1f0000 	C:\Windows\System32\win32u.dll
0x00007ff88f010000 - 0x00007ff88f039000 	C:\Windows\System32\GDI32.dll
0x00007ff88c0a0000 - 0x00007ff88c239000 	C:\Windows\System32\gdi32full.dll
0x00007ff88b130000 - 0x00007ff88b1d0000 	C:\Windows\System32\msvcp_win.dll
0x00007ff88bc90000 - 0x00007ff88bd8a000 	C:\Windows\System32\ucrtbase.dll
0x00007ff87c370000 - 0x00007ff87c5e9000 	C:\Windows\WinSxS\amd64_microsoft.windows.common-controls_6595b64144ccf1df_6.0.17763.973_none_05b245900721eb81\COMCTL32.dll
0x00007ff88eb00000 - 0x00007ff88ee2c000 	C:\Windows\System32\combase.dll
0x00007ff88bf70000 - 0x00007ff88bfee000 	C:\Windows\System32\bcryptPrimitives.dll
0x00007ff88c870000 - 0x00007ff88c89e000 	C:\Windows\System32\IMM32.DLL
0x000000006eb50000 - 0x000000006ec22000 	C:\Program Files\Android\Android Studio\jre\jre\bin\msvcr100.dll
0x000000006a280000 - 0x000000006aac6000 	C:\Program Files\Android\Android Studio\jre\jre\bin\server\jvm.dll
0x00007ff88efa0000 - 0x00007ff88efa8000 	C:\Windows\System32\PSAPI.DLL
0x00007ff888e90000 - 0x00007ff888eb4000 	C:\Windows\SYSTEM32\WINMM.dll
0x00007ff886c10000 - 0x00007ff886c1a000 	C:\Windows\SYSTEM32\VERSION.dll
0x00007ff87a4a0000 - 0x00007ff87a4a9000 	C:\Windows\SYSTEM32\WSOCK32.dll
0x00007ff888e60000 - 0x00007ff888e8d000 	C:\Windows\SYSTEM32\WINMMBASE.dll
0x00007ff88ca10000 - 0x00007ff88ca7d000 	C:\Windows\System32\WS2_32.dll
0x00007ff88c240000 - 0x00007ff88c28a000 	C:\Windows\System32\cfgmgr32.dll
0x00007ff872cd0000 - 0x00007ff872cdf000 	C:\Program Files\Android\Android Studio\jre\jre\bin\verify.dll
0x00007ff868170000 - 0x00007ff868199000 	C:\Program Files\Android\Android Studio\jre\jre\bin\java.dll
0x00007ff86f540000 - 0x00007ff86f556000 	C:\Program Files\Android\Android Studio\jre\jre\bin\zip.dll
0x00007ff88cc90000 - 0x00007ff88e184000 	C:\Windows\System32\SHELL32.dll
0x00007ff88ca80000 - 0x00007ff88cb28000 	C:\Windows\System32\shcore.dll
0x00007ff88b250000 - 0x00007ff88b99d000 	C:\Windows\System32\windows.storage.dll
0x00007ff88b100000 - 0x00007ff88b124000 	C:\Windows\System32\profapi.dll
0x00007ff88b080000 - 0x00007ff88b0dd000 	C:\Windows\System32\powrprof.dll
0x00007ff88c480000 - 0x00007ff88c4d2000 	C:\Windows\System32\shlwapi.dll
0x00007ff88b060000 - 0x00007ff88b071000 	C:\Windows\System32\kernel.appcore.dll
0x00007ff88b9a0000 - 0x00007ff88b9b7000 	C:\Windows\System32\cryptsp.dll
0x00007ff86ca20000 - 0x00007ff86ca3a000 	C:\Program Files\Android\Android Studio\jre\jre\bin\net.dll
0x00007ff88a870000 - 0x00007ff88a8d7000 	C:\Windows\system32\mswsock.dll
0x00007ff86ca80000 - 0x00007ff86ca91000 	C:\Program Files\Android\Android Studio\jre\jre\bin\nio.dll
0x00007ff864900000 - 0x00007ff86491e000 	C:\Users\bw-02\.gradle\native\25\windows-amd64\native-platform.dll
0x00007ff8717a0000 - 0x00007ff8717ad000 	C:\Program Files\Android\Android Studio\jre\jre\bin\management.dll
0x00007ff88a3f0000 - 0x00007ff88a423000 	C:\Windows\system32\rsaenh.dll
0x00007ff88b9c0000 - 0x00007ff88b9e6000 	C:\Windows\System32\bcrypt.dll
0x00007ff88af90000 - 0x00007ff88afb8000 	C:\Windows\SYSTEM32\USERENV.dll
0x00007ff88aa40000 - 0x00007ff88aa4c000 	C:\Windows\SYSTEM32\CRYPTBASE.dll
0x00007ff88a590000 - 0x00007ff88a5cd000 	C:\Windows\SYSTEM32\IPHLPAPI.DLL
0x00007ff88e6c0000 - 0x00007ff88e6c8000 	C:\Windows\System32\NSI.dll
0x00007ff8870c0000 - 0x00007ff8870d6000 	C:\Windows\SYSTEM32\dhcpcsvc6.DLL
0x00007ff887030000 - 0x00007ff88704c000 	C:\Windows\SYSTEM32\dhcpcsvc.DLL
0x00007ff88a5d0000 - 0x00007ff88a696000 	C:\Windows\SYSTEM32\DNSAPI.dll
0x00007ff88a0c0000 - 0x00007ff88a0f1000 	C:\Windows\SYSTEM32\ntmarta.dll

VM Arguments:
jvm_args: -Xmx1536m -Dfile.encoding=windows-1252 -Duser.country=US -Duser.language=en -Duser.variant 
java_command: org.gradle.launcher.daemon.bootstrap.GradleDaemon 4.6
java_class_path (initial): C:\Users\bw-02\.gradle\wrapper\dists\gradle-4.6-all\bcst21l2brirad8k2ben1letg\gradle-4.6\lib\gradle-launcher-4.6.jar
Launcher Type: SUN_STANDARD

Environment Variables:
PATH=D:\app\bw-02\product\11.2.0\client_1;D:\app\bw-02\product\11.2.0\client_1\bin;C:\Windows\system32;C:\Windows;C:\Windows\System32\Wbem;C:\Windows\System32\WindowsPowerShell\v1.0\;C:\Windows\System32\OpenSSH\;C:\Users\bw-02\.dnx\bin;C:\Program Files\Microsoft DNX\Dnvm\;C:\Program Files\Microsoft SQL Server\120\Tools\Binn\;c:\Program Files (x86)\Microsoft SQL Server\110\Tools\Binn\ManagementStudio\;c:\Program Files (x86)\Microsoft SQL Server\110\Tools\Binn\;c:\Program Files\Microsoft SQL Server\110\Tools\Binn\;c:\Program Files (x86)\Microsoft SQL Server\110\DTS\Binn\;C:\Program Files (x86)\Microsoft SQL Server\Client SDK\ODBC\130\Tools\Binn\;C:\Program Files (x86)\Microsoft SQL Server\140\Tools\Binn\;C:\Program Files (x86)\Microsoft SQL Server\140\DTS\Binn\;C:\Program Files (x86)\Microsoft SQL Server\140\Tools\Binn\ManagementStudio\;C:\Program Files (x86)\Microsoft SQL Server\150\DTS\Binn\;C:\Users\bw-02\AppData\Local\Microsoft\WindowsApps;
USERNAME=bw-02
OS=Windows_NT
PROCESSOR_IDENTIFIER=Intel64 Family 6 Model 158 Stepping 9, GenuineIntel



---------------  S Y S T E M  ---------------

OS: Windows 10.0 , 64 bit Build 17763 (10.0.17763.475)

CPU:total 8 (initial active 8) (4 cores per cpu, 2 threads per core) family 6 model 158 stepping 9, cmov, cx8, fxsr, mmx, sse, sse2, sse3, ssse3, sse4.1, sse4.2, popcnt, avx, avx2, aes, clmul, erms, rtm, 3dnowpref, lzcnt, ht, tsc, tscinvbit, bmi1, bmi2, adx

Memory: 4k page, physical 8274364k(314408k free), swap 13771704k(620k free)

vm_info: OpenJDK 64-Bit Server VM (25.202-b03) for windows-amd64 JRE (1.8.0_202-release-1483-b03), built by "builder" with MS VC++ 10.0 (VS2010)

time: Sat Apr 18 09:33:58 2020
timezone: India Standard Time
elapsed time: 60 seconds (0d 0h 1m 0s)

