#
# There is insufficient memory for the Java Runtime Environment to continue.
# Native memory allocation (malloc) failed to allocate 664656 bytes for Chunk::new
# Possible reasons:
#   The system is out of physical RAM or swap space
#   The process is running with CompressedOops enabled, and the Java Heap may be blocking the growth of the native heap
# Possible solutions:
#   Reduce memory load on the system
#   Increase physical memory or swap space
#   Check if swap backing store is full
#   Decrease Java heap size (-Xmx/-Xms)
#   Decrease number of Java threads
#   Decrease Java thread stack sizes (-Xss)
#   Set larger code cache with -XX:ReservedCodeCacheSize=
#   JVM is running with Unscaled Compressed Oops mode in which the Java heap is
#     placed in the first 4GB address space. The Java Heap base address is the
#     maximum limit for the native heap growth. Please use -XX:HeapBaseMinAddress
#     to set the Java Heap base and to place the Java Heap above 4GB virtual address.
# This output file may be truncated or incomplete.
#
#  Out of Memory Error (allocation.cpp:389), pid=13236, tid=0x0000000000002074
#
# JRE version: OpenJDK Runtime Environment (8.0_202-b03) (build 1.8.0_202-release-1483-b03)
# Java VM: OpenJDK 64-Bit Server VM (25.202-b03 mixed mode windows-amd64 compressed oops)
# Failed to write core dump. Minidumps are not enabled by default on client versions of Windows
#

---------------  T H R E A D  ---------------

Current thread (0x0000000018843000):  JavaThread "C2 CompilerThread2" daemon [_thread_in_native, id=8308, stack(0x0000000019310000,0x0000000019410000)]

Stack: [0x0000000019310000,0x0000000019410000]
[error occurred during error reporting (printing stack bounds), id 0xc0000005]

Native frames: (J=compiled Java code, j=interpreted, Vv=VM code, C=native code)


Current CompileTask:
C2:   4498 4034       4       com.sun.beans.TypeResolver::resolve (37 bytes)


---------------  P R O C E S S  ---------------

Java Threads: ( => current thread )
  0x000000001cf59800 JavaThread "Memory manager" [_thread_blocked, id=8592, stack(0x0000000022eb0000,0x0000000022fb0000)]
  0x000000001cf5a800 JavaThread "Build operations Thread 8" [_thread_blocked, id=1212, stack(0x0000000022db0000,0x0000000022eb0000)]
  0x000000001cf5f000 JavaThread "Build operations Thread 7" [_thread_blocked, id=6320, stack(0x0000000022cb0000,0x0000000022db0000)]
  0x0000000019fb8800 JavaThread "Build operations Thread 6" [_thread_blocked, id=3584, stack(0x0000000022bb0000,0x0000000022cb0000)]
  0x0000000019fb7000 JavaThread "Build operations Thread 5" [_thread_blocked, id=14012, stack(0x0000000022ab0000,0x0000000022bb0000)]
  0x0000000019fb6800 JavaThread "Build operations Thread 4" [_thread_blocked, id=3504, stack(0x00000000229b0000,0x0000000022ab0000)]
  0x0000000019fbb000 JavaThread "Build operations Thread 3" [_thread_blocked, id=9900, stack(0x00000000228b0000,0x00000000229b0000)]
  0x0000000019fba000 JavaThread "Build operations Thread 2" [_thread_blocked, id=1508, stack(0x00000000224c0000,0x00000000225c0000)]
  0x0000000019fb8000 JavaThread "Build operations" [_thread_blocked, id=3800, stack(0x0000000020f10000,0x0000000021010000)]
  0x0000000019fb5800 JavaThread "Cache worker for Artifact transforms cache (C:\Users\bw-02\.gradle\caches\transforms-1)" [_thread_blocked, id=6796, stack(0x0000000020e10000,0x0000000020f10000)]
  0x000000001ca09000 JavaThread "Cache worker for file hash cache (D:\PROJECT\PROJECT\GS Cosultancy\.gradle\4.6\fileHashes)" [_thread_blocked, id=12448, stack(0x000000001d430000,0x000000001d530000)]
  0x000000001a99f800 JavaThread "File lock request listener" [_thread_in_native, id=7644, stack(0x000000001c360000,0x000000001c460000)]
  0x000000001acf0800 JavaThread "Cache worker for file hash cache (C:\Users\bw-02\.gradle\caches\4.6\fileHashes)" [_thread_blocked, id=12100, stack(0x000000001c260000,0x000000001c360000)]
  0x00000000198e7800 JavaThread "Stdin handler" [_thread_blocked, id=13156, stack(0x000000001be60000,0x000000001bf60000)]
  0x00000000198e3800 JavaThread "Asynchronous log dispatcher for DefaultDaemonConnection: socket connection from /127.0.0.1:57991 to /127.0.0.1:57992" [_thread_blocked, id=13232, stack(0x000000001bd60000,0x000000001be60000)]
  0x000000001aba6800 JavaThread "Daemon worker" [_thread_in_Java, id=12720, stack(0x000000001bc60000,0x000000001bd60000)]
  0x0000000018968000 JavaThread "Cancel handler" [_thread_blocked, id=5136, stack(0x000000001bb60000,0x000000001bc60000)]
  0x0000000018ba2000 JavaThread "Handler for socket connection from /127.0.0.1:57991 to /127.0.0.1:57992" [_thread_in_native, id=11248, stack(0x000000001b860000,0x000000001b960000)]
  0x0000000018ba1000 JavaThread "Daemon" [_thread_blocked, id=13212, stack(0x000000001b760000,0x000000001b860000)]
  0x000000001a92c000 JavaThread "Daemon periodic checks" [_thread_blocked, id=12128, stack(0x000000001b660000,0x000000001b760000)]
  0x000000001a7e3000 JavaThread "Incoming local TCP Connector on port 57991" [_thread_in_native, id=12972, stack(0x000000001b420000,0x000000001b520000)]
  0x0000000018863800 JavaThread "Service Thread" daemon [_thread_blocked, id=11832, stack(0x0000000019510000,0x0000000019610000)]
  0x0000000018849000 JavaThread "C1 CompilerThread3" daemon [_thread_blocked, id=14144, stack(0x0000000019410000,0x0000000019510000)]
=>0x0000000018843000 JavaThread "C2 CompilerThread2" daemon [_thread_in_native, id=8308, stack(0x0000000019310000,0x0000000019410000)]
  0x0000000018840000 JavaThread "C2 CompilerThread1" daemon [_thread_in_native, id=3576, stack(0x0000000019210000,0x0000000019310000)]
  0x000000001883c800 JavaThread "C2 CompilerThread0" daemon [_thread_in_native, id=8208, stack(0x0000000019110000,0x0000000019210000)]
  0x000000001883b800 JavaThread "Attach Listener" daemon [_thread_blocked, id=4568, stack(0x0000000019010000,0x0000000019110000)]
  0x000000001883a000 JavaThread "Signal Dispatcher" daemon [_thread_blocked, id=12884, stack(0x0000000018f10000,0x0000000019010000)]
  0x0000000002c6e000 JavaThread "Finalizer" daemon [_thread_blocked, id=13944, stack(0x0000000018d10000,0x0000000018e10000)]
  0x0000000002c67000 JavaThread "Reference Handler" daemon [_thread_blocked, id=13572, stack(0x0000000018c10000,0x0000000018d10000)]
  0x0000000002b6d800 JavaThread "main" [_thread_blocked, id=6300, stack(0x0000000002a50000,0x0000000002b50000)]

Other Threads:
  0x0000000016a26000 VMThread [stack: 0x0000000018710000,0x0000000018810000] [id=12004]
  0x0000000018864800 WatcherThread [stack: 0x0000000019610000,0x0000000019710000] [id=10624]

VM state:not at safepoint (normal execution)

VM Mutex/Monitor currently owned by a thread: None

heap address: 0x00000000a0000000, size: 1536 MB, Compressed Oops mode: 32-bit
Narrow klass base: 0x0000000000000000, Narrow klass shift: 3
Compressed class space size: 1073741824 Address: 0x0000000100000000

Heap:
 PSYoungGen      total 140800K, used 127711K [0x00000000e0000000, 0x00000000eaa00000, 0x0000000100000000)
  eden space 131072K, 97% used [0x00000000e0000000,0x00000000e7cb7f18,0x00000000e8000000)
  from space 9728K, 0% used [0x00000000e8000000,0x00000000e8000000,0x00000000e8980000)
  to   space 12288K, 0% used [0x00000000e9e00000,0x00000000e9e00000,0x00000000eaa00000)
 ParOldGen       total 102912K, used 19247K [0x00000000a0000000, 0x00000000a6480000, 0x00000000e0000000)
  object space 102912K, 18% used [0x00000000a0000000,0x00000000a12cbd70,0x00000000a6480000)
 Metaspace       used 43437K, capacity 44216K, committed 44504K, reserved 1087488K
  class space    used 5821K, capacity 6073K, committed 6144K, reserved 1048576K

Card table byte_map: [0x0000000012030000,0x0000000012340000] byte_map_base: 0x0000000011b30000

Marking Bits: (ParMarkBitMap*) 0x0000000069329f30
 Begin Bits: [0x0000000012d40000, 0x0000000014540000)
 End Bits:   [0x0000000014540000, 0x0000000015d40000)

Polling page: 0x0000000000d40000

CodeCache: size=245760Kb used=14834Kb max_used=14834Kb free=230925Kb
 bounds [0x0000000002c70000, 0x0000000003b00000, 0x0000000011c70000]
 total_blobs=4812 nmethods=4069 adapters=656
 compilation: enabled

Compilation events (10 events):
Event: 4.480 Thread 0x0000000018849000 nmethod 4109 0x0000000003aea450 code [0x0000000003aea5a0, 0x0000000003aea6b0]
Event: 4.480 Thread 0x0000000018849000 4110       3       com.sun.org.apache.xerces.internal.xni.QName::<init> (9 bytes)
Event: 4.480 Thread 0x0000000018849000 nmethod 4110 0x0000000003aea710 code [0x0000000003aea880, 0x0000000003aeaaf0]
Event: 4.480 Thread 0x0000000018849000 4111       3       com.sun.org.apache.xerces.internal.xni.QName::clear (21 bytes)
Event: 4.480 Thread 0x0000000018849000 nmethod 4111 0x0000000003aeabd0 code [0x0000000003aead20, 0x0000000003aeaed0]
Event: 4.480 Thread 0x0000000018849000 4112       1       com.sun.org.apache.xerces.internal.util.Status::isExceptional (5 bytes)
Event: 4.481 Thread 0x0000000018849000 nmethod 4112 0x0000000003aeaf50 code [0x0000000003aeb0a0, 0x0000000003aeb1b0]
Event: 4.494 Thread 0x0000000018849000 4113       3       java.io.ObjectStreamField::getClassSignature (242 bytes)
Event: 4.497 Thread 0x0000000018849000 nmethod 4113 0x0000000003aeb690 code [0x0000000003aebd60, 0x0000000003af0c38]
Event: 4.497 Thread 0x0000000018849000 4114       3       java.util.Arrays::fill (28 bytes)

GC Heap History (10 events):
Event: 1.878 GC heap before
{Heap before GC invocations=5 (full 0):
 PSYoungGen      total 71680K, used 22273K [0x00000000e0000000, 0x00000000e4b00000, 0x0000000100000000)
  eden space 66560K, 25% used [0x00000000e0000000,0x00000000e10c32d0,0x00000000e4100000)
  from space 5120K, 99% used [0x00000000e4600000,0x00000000e4afd258,0x00000000e4b00000)
  to   space 5120K, 0% used [0x00000000e4100000,0x00000000e4100000,0x00000000e4600000)
 ParOldGen       total 87552K, used 5434K [0x00000000a0000000, 0x00000000a5580000, 0x00000000e0000000)
  object space 87552K, 6% used [0x00000000a0000000,0x00000000a054e928,0x00000000a5580000)
 Metaspace       used 20829K, capacity 21136K, committed 21248K, reserved 1067008K
  class space    used 2917K, capacity 3050K, committed 3072K, reserved 1048576K
Event: 1.885 GC heap after
Heap after GC invocations=5 (full 0):
 PSYoungGen      total 71680K, used 5104K [0x00000000e0000000, 0x00000000e9600000, 0x0000000100000000)
  eden space 66560K, 0% used [0x00000000e0000000,0x00000000e0000000,0x00000000e4100000)
  from space 5120K, 99% used [0x00000000e4100000,0x00000000e45fc060,0x00000000e4600000)
  to   space 10240K, 0% used [0x00000000e8c00000,0x00000000e8c00000,0x00000000e9600000)
 ParOldGen       total 87552K, used 8436K [0x00000000a0000000, 0x00000000a5580000, 0x00000000e0000000)
  object space 87552K, 9% used [0x00000000a0000000,0x00000000a083d340,0x00000000a5580000)
 Metaspace       used 20829K, capacity 21136K, committed 21248K, reserved 1067008K
  class space    used 2917K, capacity 3050K, committed 3072K, reserved 1048576K
}
Event: 1.885 GC heap before
{Heap before GC invocations=6 (full 1):
 PSYoungGen      total 71680K, used 5104K [0x00000000e0000000, 0x00000000e9600000, 0x0000000100000000)
  eden space 66560K, 0% used [0x00000000e0000000,0x00000000e0000000,0x00000000e4100000)
  from space 5120K, 99% used [0x00000000e4100000,0x00000000e45fc060,0x00000000e4600000)
  to   space 10240K, 0% used [0x00000000e8c00000,0x00000000e8c00000,0x00000000e9600000)
 ParOldGen       total 87552K, used 8436K [0x00000000a0000000, 0x00000000a5580000, 0x00000000e0000000)
  object space 87552K, 9% used [0x00000000a0000000,0x00000000a083d340,0x00000000a5580000)
 Metaspace       used 20829K, capacity 21136K, committed 21248K, reserved 1067008K
  class space    used 2917K, capacity 3050K, committed 3072K, reserved 1048576K
Event: 1.914 GC heap after
Heap after GC invocations=6 (full 1):
 PSYoungGen      total 71680K, used 0K [0x00000000e0000000, 0x00000000e9600000, 0x0000000100000000)
  eden space 66560K, 0% used [0x00000000e0000000,0x00000000e0000000,0x00000000e4100000)
  from space 5120K, 0% used [0x00000000e4100000,0x00000000e4100000,0x00000000e4600000)
  to   space 10240K, 0% used [0x00000000e8c00000,0x00000000e8c00000,0x00000000e9600000)
 ParOldGen       total 61440K, used 8354K [0x00000000a0000000, 0x00000000a3c00000, 0x00000000e0000000)
  object space 61440K, 13% used [0x00000000a0000000,0x00000000a0828ad8,0x00000000a3c00000)
 Metaspace       used 20829K, capacity 21136K, committed 21248K, reserved 1067008K
  class space    used 2917K, capacity 3050K, committed 3072K, reserved 1048576K
}
Event: 2.525 GC heap before
{Heap before GC invocations=7 (full 1):
 PSYoungGen      total 71680K, used 66560K [0x00000000e0000000, 0x00000000e9600000, 0x0000000100000000)
  eden space 66560K, 100% used [0x00000000e0000000,0x00000000e4100000,0x00000000e4100000)
  from space 5120K, 0% used [0x00000000e4100000,0x00000000e4100000,0x00000000e4600000)
  to   space 10240K, 0% used [0x00000000e8c00000,0x00000000e8c00000,0x00000000e9600000)
 ParOldGen       total 61440K, used 8354K [0x00000000a0000000, 0x00000000a3c00000, 0x00000000e0000000)
  object space 61440K, 13% used [0x00000000a0000000,0x00000000a0828ad8,0x00000000a3c00000)
 Metaspace       used 26401K, capacity 26698K, committed 26880K, reserved 1073152K
  class space    used 3627K, capacity 3743K, committed 3840K, reserved 1048576K
Event: 2.530 GC heap after
Heap after GC invocations=7 (full 1):
 PSYoungGen      total 107520K, used 6835K [0x00000000e0000000, 0x00000000e9300000, 0x0000000100000000)
  eden space 100352K, 0% used [0x00000000e0000000,0x00000000e0000000,0x00000000e6200000)
  from space 7168K, 95% used [0x00000000e8c00000,0x00000000e92accf0,0x00000000e9300000)
  to   space 9728K, 0% used [0x00000000e8000000,0x00000000e8000000,0x00000000e8980000)
 ParOldGen       total 61440K, used 8362K [0x00000000a0000000, 0x00000000a3c00000, 0x00000000e0000000)
  object space 61440K, 13% used [0x00000000a0000000,0x00000000a082aad8,0x00000000a3c00000)
 Metaspace       used 26401K, capacity 26698K, committed 26880K, reserved 1073152K
  class space    used 3627K, capacity 3743K, committed 3840K, reserved 1048576K
}
Event: 3.395 GC heap before
{Heap before GC invocations=8 (full 1):
 PSYoungGen      total 107520K, used 103013K [0x00000000e0000000, 0x00000000e9300000, 0x0000000100000000)
  eden space 100352K, 95% used [0x00000000e0000000,0x00000000e5decaa0,0x00000000e6200000)
  from space 7168K, 95% used [0x00000000e8c00000,0x00000000e92accf0,0x00000000e9300000)
  to   space 9728K, 0% used [0x00000000e8000000,0x00000000e8000000,0x00000000e8980000)
 ParOldGen       total 61440K, used 8362K [0x00000000a0000000, 0x00000000a3c00000, 0x00000000e0000000)
  object space 61440K, 13% used [0x00000000a0000000,0x00000000a082aad8,0x00000000a3c00000)
 Metaspace       used 34730K, capacity 35232K, committed 35416K, reserved 1079296K
  class space    used 4784K, capacity 4972K, committed 4992K, reserved 1048576K
Event: 3.405 GC heap after
Heap after GC invocations=8 (full 1):
 PSYoungGen      total 140800K, used 9712K [0x00000000e0000000, 0x00000000eaa00000, 0x0000000100000000)
  eden space 131072K, 0% used [0x00000000e0000000,0x00000000e0000000,0x00000000e8000000)
  from space 9728K, 99% used [0x00000000e8000000,0x00000000e897c238,0x00000000e8980000)
  to   space 12288K, 0% used [0x00000000e9e00000,0x00000000e9e00000,0x00000000eaa00000)
 ParOldGen       total 61440K, used 11406K [0x00000000a0000000, 0x00000000a3c00000, 0x00000000e0000000)
  object space 61440K, 18% used [0x00000000a0000000,0x00000000a0b23888,0x00000000a3c00000)
 Metaspace       used 34730K, capacity 35232K, committed 35416K, reserved 1079296K
  class space    used 4784K, capacity 4972K, committed 4992K, reserved 1048576K
}
Event: 3.405 GC heap before
{Heap before GC invocations=9 (full 2):
 PSYoungGen      total 140800K, used 9712K [0x00000000e0000000, 0x00000000eaa00000, 0x0000000100000000)
  eden space 131072K, 0% used [0x00000000e0000000,0x00000000e0000000,0x00000000e8000000)
  from space 9728K, 99% used [0x00000000e8000000,0x00000000e897c238,0x00000000e8980000)
  to   space 12288K, 0% used [0x00000000e9e00000,0x00000000e9e00000,0x00000000eaa00000)
 ParOldGen       total 61440K, used 11406K [0x00000000a0000000, 0x00000000a3c00000, 0x00000000e0000000)
  object space 61440K, 18% used [0x00000000a0000000,0x00000000a0b23888,0x00000000a3c00000)
 Metaspace       used 34730K, capacity 35232K, committed 35416K, reserved 1079296K
  class space    used 4784K, capacity 4972K, committed 4992K, reserved 1048576K
Event: 3.454 GC heap after
Heap after GC invocations=9 (full 2):
 PSYoungGen      total 140800K, used 0K [0x00000000e0000000, 0x00000000eaa00000, 0x0000000100000000)
  eden space 131072K, 0% used [0x00000000e0000000,0x00000000e0000000,0x00000000e8000000)
  from space 9728K, 0% used [0x00000000e8000000,0x00000000e8000000,0x00000000e8980000)
  to   space 12288K, 0% used [0x00000000e9e00000,0x00000000e9e00000,0x00000000eaa00000)
 ParOldGen       total 102912K, used 19247K [0x00000000a0000000, 0x00000000a6480000, 0x00000000e0000000)
  object space 102912K, 18% used [0x00000000a0000000,0x00000000a12cbd70,0x00000000a6480000)
 Metaspace       used 34730K, capacity 35232K, committed 35416K, reserved 1079296K
  class space    used 4784K, capacity 4972K, committed 4992K, reserved 1048576K
}

Deoptimization events (10 events):
Event: 3.938 Thread 0x000000001aba6800 Uncommon trap: reason=unstable_if action=reinterpret pc=0x000000000350b4cc method=org.objectweb.asm.ByteVector.putUTF8(Ljava/lang/String;)Lorg/objectweb/asm/ByteVector; @ 91
Event: 4.010 Thread 0x000000001aba6800 Uncommon trap: reason=unstable_if action=reinterpret pc=0x00000000033c96f0 method=org.objectweb.asm.ByteVector.putUTF8(Ljava/lang/String;)Lorg/objectweb/asm/ByteVector; @ 91
Event: 4.289 Thread 0x000000001aba6800 Uncommon trap: reason=bimorphic action=maybe_recompile pc=0x0000000003a59084 method=java.util.regex.Pattern$5.isSatisfiedBy(I)Z @ 16
Event: 4.289 Thread 0x000000001aba6800 Uncommon trap: reason=bimorphic action=maybe_recompile pc=0x0000000003a59084 method=java.util.regex.Pattern$5.isSatisfiedBy(I)Z @ 16
Event: 4.289 Thread 0x000000001aba6800 Uncommon trap: reason=bimorphic action=maybe_recompile pc=0x0000000003a59084 method=java.util.regex.Pattern$5.isSatisfiedBy(I)Z @ 16
Event: 4.289 Thread 0x000000001aba6800 Uncommon trap: reason=bimorphic action=maybe_recompile pc=0x0000000003a59084 method=java.util.regex.Pattern$5.isSatisfiedBy(I)Z @ 16
Event: 4.414 Thread 0x000000001aba6800 Uncommon trap: reason=class_check action=maybe_recompile pc=0x00000000038c960c method=java.util.regex.Matcher.search(I)Z @ 86
Event: 4.414 Thread 0x000000001aba6800 Uncommon trap: reason=class_check action=maybe_recompile pc=0x00000000038c960c method=java.util.regex.Matcher.search(I)Z @ 86
Event: 4.414 Thread 0x000000001aba6800 Uncommon trap: reason=class_check action=maybe_recompile pc=0x00000000038c960c method=java.util.regex.Matcher.search(I)Z @ 86
Event: 4.414 Thread 0x000000001aba6800 Uncommon trap: reason=class_check action=maybe_recompile pc=0x00000000038c960c method=java.util.regex.Matcher.search(I)Z @ 86

Classes redefined (0 events):
No events

Internal exceptions (10 events):
Event: 4.403 Thread 0x000000001aba6800 Exception <a 'sun/nio/fs/WindowsException'> (0x00000000e79e0df8) thrown at [D:\src\AOSP-openjdk-cygwin\jdk8u\hotspot\src\share\vm\prims\jni.cpp, line 710]
Event: 4.403 Thread 0x000000001aba6800 Exception <a 'sun/nio/fs/WindowsException'> (0x00000000e79e1a50) thrown at [D:\src\AOSP-openjdk-cygwin\jdk8u\hotspot\src\share\vm\prims\jni.cpp, line 710]
Event: 4.403 Thread 0x000000001aba6800 Exception <a 'sun/nio/fs/WindowsException'> (0x00000000e79e36e0) thrown at [D:\src\AOSP-openjdk-cygwin\jdk8u\hotspot\src\share\vm\prims\jni.cpp, line 710]
Event: 4.403 Thread 0x000000001aba6800 Exception <a 'sun/nio/fs/WindowsException'> (0x00000000e79e4378) thrown at [D:\src\AOSP-openjdk-cygwin\jdk8u\hotspot\src\share\vm\prims\jni.cpp, line 710]
Event: 4.404 Thread 0x000000001aba6800 Exception <a 'sun/nio/fs/WindowsException'> (0x00000000e79e7c50) thrown at [D:\src\AOSP-openjdk-cygwin\jdk8u\hotspot\src\share\vm\prims\jni.cpp, line 710]
Event: 4.404 Thread 0x000000001aba6800 Exception <a 'sun/nio/fs/WindowsException'> (0x00000000e79e8910) thrown at [D:\src\AOSP-openjdk-cygwin\jdk8u\hotspot\src\share\vm\prims\jni.cpp, line 710]
Event: 4.404 Thread 0x000000001aba6800 Exception <a 'sun/nio/fs/WindowsException'> (0x00000000e79ea618) thrown at [D:\src\AOSP-openjdk-cygwin\jdk8u\hotspot\src\share\vm\prims\jni.cpp, line 710]
Event: 4.404 Thread 0x000000001aba6800 Exception <a 'sun/nio/fs/WindowsException'> (0x00000000e79eb310) thrown at [D:\src\AOSP-openjdk-cygwin\jdk8u\hotspot\src\share\vm\prims\jni.cpp, line 710]
Event: 4.405 Thread 0x000000001aba6800 Exception <a 'sun/nio/fs/WindowsException'> (0x00000000e79ef140) thrown at [D:\src\AOSP-openjdk-cygwin\jdk8u\hotspot\src\share\vm\prims\jni.cpp, line 710]
Event: 4.405 Thread 0x000000001aba6800 Exception <a 'sun/nio/fs/WindowsException'> (0x00000000e79efd88) thrown at [D:\src\AOSP-openjdk-cygwin\jdk8u\hotspot\src\share\vm\prims\jni.cpp, line 710]

Events (10 events):
Event: 4.492 loading class org/w3c/dom/DocumentType done
Event: 4.492 loading class com/sun/org/apache/xerces/internal/dom/DocumentTypeImpl done
Event: 4.492 loading class com/sun/org/apache/xerces/internal/dom/ElementImpl
Event: 4.493 loading class com/sun/org/apache/xerces/internal/dom/ElementImpl done
Event: 4.493 loading class com/sun/org/apache/xerces/internal/dom/NodeListCache
Event: 4.494 loading class com/sun/org/apache/xerces/internal/dom/NodeListCache done
Event: 4.494 loading class com/sun/org/apache/xerces/internal/dom/DeferredDocumentImpl$RefCount
Event: 4.494 loading class com/sun/org/apache/xerces/internal/dom/DeferredDocumentImpl$RefCount done
Event: 4.495 loading class com/sun/org/apache/xerces/internal/util/XMLChar
Event: 4.495 loading class com/sun/org/apache/xerces/internal/util/XMLChar done


Dynamic libraries:
0x00007ff6b7900000 - 0x00007ff6b7931000 	C:\Program Files\Android\Android Studio\jre\bin\java.exe
0x00007ffc95730000 - 0x00007ffc9591d000 	C:\Windows\SYSTEM32\ntdll.dll
0x00007ffc95630000 - 0x00007ffc956e3000 	C:\Windows\System32\KERNEL32.DLL
0x00007ffc91a30000 - 0x00007ffc91cc3000 	C:\Windows\System32\KERNELBASE.dll
0x00007ffc93830000 - 0x00007ffc938d3000 	C:\Windows\System32\ADVAPI32.dll
0x00007ffc92ac0000 - 0x00007ffc92b5e000 	C:\Windows\System32\msvcrt.dll
0x00007ffc93160000 - 0x00007ffc931fe000 	C:\Windows\System32\sechost.dll
0x00007ffc938e0000 - 0x00007ffc93a02000 	C:\Windows\System32\RPCRT4.dll
0x00007ffc92d80000 - 0x00007ffc92f17000 	C:\Windows\System32\USER32.dll
0x00007ffc91cd0000 - 0x00007ffc91cf0000 	C:\Windows\System32\win32u.dll
0x00007ffc93f60000 - 0x00007ffc93f89000 	C:\Windows\System32\GDI32.dll
0x00007ffc91f00000 - 0x00007ffc92099000 	C:\Windows\System32\gdi32full.dll
0x00007ffc91990000 - 0x00007ffc91a30000 	C:\Windows\System32\msvcp_win.dll
0x00007ffc92850000 - 0x00007ffc9294a000 	C:\Windows\System32\ucrtbase.dll
0x00007ffc82ed0000 - 0x00007ffc83149000 	C:\Windows\WinSxS\amd64_microsoft.windows.common-controls_6595b64144ccf1df_6.0.17763.973_none_05b245900721eb81\COMCTL32.dll
0x00007ffc93c30000 - 0x00007ffc93f5c000 	C:\Windows\System32\combase.dll
0x00007ffc91810000 - 0x00007ffc9188e000 	C:\Windows\System32\bcryptPrimitives.dll
0x00007ffc92a00000 - 0x00007ffc92a2e000 	C:\Windows\System32\IMM32.DLL
0x0000000068a80000 - 0x0000000068b52000 	C:\Program Files\Android\Android Studio\jre\jre\bin\msvcr100.dll
0x0000000068b60000 - 0x00000000693a6000 	C:\Program Files\Android\Android Studio\jre\jre\bin\server\jvm.dll
0x00007ffc956f0000 - 0x00007ffc956f8000 	C:\Windows\System32\PSAPI.DLL
0x00007ffc80840000 - 0x00007ffc80849000 	C:\Windows\SYSTEM32\WSOCK32.dll
0x00007ffc8f550000 - 0x00007ffc8f574000 	C:\Windows\SYSTEM32\WINMM.dll
0x00007ffc8d3a0000 - 0x00007ffc8d3aa000 	C:\Windows\SYSTEM32\VERSION.dll
0x00007ffc8f490000 - 0x00007ffc8f4bd000 	C:\Windows\SYSTEM32\WINMMBASE.dll
0x00007ffc91940000 - 0x00007ffc9198a000 	C:\Windows\System32\cfgmgr32.dll
0x00007ffc93ff0000 - 0x00007ffc9405d000 	C:\Windows\System32\WS2_32.dll
0x00007ffc75e10000 - 0x00007ffc75e1f000 	C:\Program Files\Android\Android Studio\jre\jre\bin\verify.dll
0x00007ffc5bf50000 - 0x00007ffc5bf79000 	C:\Program Files\Android\Android Studio\jre\jre\bin\java.dll
0x00007ffc5bf30000 - 0x00007ffc5bf46000 	C:\Program Files\Android\Android Studio\jre\jre\bin\zip.dll
0x00007ffc94060000 - 0x00007ffc95554000 	C:\Windows\System32\SHELL32.dll
0x00007ffc92950000 - 0x00007ffc929f8000 	C:\Windows\System32\shcore.dll
0x00007ffc920a0000 - 0x00007ffc927ed000 	C:\Windows\System32\windows.storage.dll
0x00007ffc91740000 - 0x00007ffc91764000 	C:\Windows\System32\profapi.dll
0x00007ffc91790000 - 0x00007ffc917ed000 	C:\Windows\System32\powrprof.dll
0x00007ffc93f90000 - 0x00007ffc93fe2000 	C:\Windows\System32\shlwapi.dll
0x00007ffc91720000 - 0x00007ffc91731000 	C:\Windows\System32\kernel.appcore.dll
0x00007ffc917f0000 - 0x00007ffc91807000 	C:\Windows\System32\cryptsp.dll
0x00007ffc5bf10000 - 0x00007ffc5bf2a000 	C:\Program Files\Android\Android Studio\jre\jre\bin\net.dll
0x00007ffc90f30000 - 0x00007ffc90f97000 	C:\Windows\system32\mswsock.dll
0x00007ffc5bef0000 - 0x00007ffc5bf01000 	C:\Program Files\Android\Android Studio\jre\jre\bin\nio.dll
0x00007ffc8d710000 - 0x00007ffc8d72e000 	C:\Users\bw-02\.gradle\native\25\windows-amd64\native-platform.dll
0x00007ffc67e90000 - 0x00007ffc67e9d000 	C:\Program Files\Android\Android Studio\jre\jre\bin\management.dll
0x00007ffc90ab0000 - 0x00007ffc90ae3000 	C:\Windows\system32\rsaenh.dll
0x00007ffc91ed0000 - 0x00007ffc91ef6000 	C:\Windows\System32\bcrypt.dll
0x00007ffc91620000 - 0x00007ffc91648000 	C:\Windows\SYSTEM32\USERENV.dll
0x00007ffc91610000 - 0x00007ffc9161c000 	C:\Windows\SYSTEM32\CRYPTBASE.dll
0x00007ffc90c50000 - 0x00007ffc90c8d000 	C:\Windows\SYSTEM32\IPHLPAPI.DLL
0x00007ffc92a50000 - 0x00007ffc92a58000 	C:\Windows\System32\NSI.dll
0x00007ffc8d6f0000 - 0x00007ffc8d706000 	C:\Windows\SYSTEM32\dhcpcsvc6.DLL
0x00007ffc8d670000 - 0x00007ffc8d68c000 	C:\Windows\SYSTEM32\dhcpcsvc.DLL
0x00007ffc90c90000 - 0x00007ffc90d56000 	C:\Windows\SYSTEM32\DNSAPI.dll

VM Arguments:
jvm_args: -Xmx1536m -Dfile.encoding=windows-1252 -Duser.country=US -Duser.language=en -Duser.variant 
java_command: org.gradle.launcher.daemon.bootstrap.GradleDaemon 4.6
java_class_path (initial): C:\Users\bw-02\.gradle\wrapper\dists\gradle-4.6-all\bcst21l2brirad8k2ben1letg\gradle-4.6\lib\gradle-launcher-4.6.jar
Launcher Type: SUN_STANDARD

Environment Variables:
PATH=D:\app\bw-02\product\11.2.0\client_1;D:\app\bw-02\product\11.2.0\client_1\bin;C:\Windows\system32;C:\Windows;C:\Windows\System32\Wbem;C:\Windows\System32\WindowsPowerShell\v1.0\;C:\Windows\System32\OpenSSH\;C:\Windows\system32\config\systemprofile\.dnx\bin;C:\Program Files\Microsoft DNX\Dnvm\;C:\Program Files\Microsoft SQL Server\120\Tools\Binn\;C:\Program Files (x86)\Microsoft SQL Server\Client SDK\ODBC\130\Tools\Binn\;C:\Program Files (x86)\Microsoft SQL Server\140\Tools\Binn\;C:\Program Files (x86)\Microsoft SQL Server\140\DTS\Binn\;C:\Program Files (x86)\Microsoft SQL Server\140\Tools\Binn\ManagementStudio\;C:\Program Files (x86)\Microsoft SQL Server\150\DTS\Binn\;C:\Users\bw-02\AppData\Local\Microsoft\WindowsApps;
USERNAME=bw-02
OS=Windows_NT
PROCESSOR_IDENTIFIER=Intel64 Family 6 Model 158 Stepping 9, GenuineIntel



---------------  S Y S T E M  ---------------

OS: Windows 10.0 , 64 bit Build 17763 (10.0.17763.475)

CPU:total 8 (initial active 8) (4 cores per cpu, 2 threads per core) family 6 model 158 stepping 9, cmov, cx8, fxsr, mmx, sse, sse2, sse3, ssse3, sse4.1, sse4.2, popcnt, avx, avx2, aes, clmul, erms, rtm, 3dnowpref, lzcnt, ht, tsc, tscinvbit, bmi1, bmi2, adx

Memory: 4k page, physical 8274364k(491364k free), swap 13771704k(5128k free)

vm_info: OpenJDK 64-Bit Server VM (25.202-b03) for windows-amd64 JRE (1.8.0_202-release-1483-b03), built by "builder" with MS VC++ 10.0 (VS2010)

time: Thu Jun 25 17:56:02 2020
timezone: India Standard Time
elapsed time: 4 seconds (0d 0h 0m 4s)

